0 info it worked if it ends with ok
1 verbose cli [ 'node', '/usr/local/bin/npm', 'install', '-g', 'gulp' ]
2 info using npm@2.0.0-alpha-5
3 info using node@v0.10.30
4 verbose node symlink /usr/local/bin/node
5 verbose cache add [ 'gulp', null ]
6 verbose cache add spec="gulp" args=["gulp",null]
7 verbose parsed spec { raw: 'gulp',
7 verbose parsed spec   scope: null,
7 verbose parsed spec   name: 'gulp',
7 verbose parsed spec   rawSpec: '',
7 verbose parsed spec   spec: '*',
7 verbose parsed spec   type: 'range' }
8 verbose addNamed [ 'gulp', '*' ]
9 verbose addNamed [ null, '*' ]
10 silly lockFile 51046861-gulp gulp@*
11 verbose lock gulp@* /Users/slowbirds/.npm/51046861-gulp.lock
12 silly addNameRange { name: 'gulp', range: '*', hasData: false }
13 verbose mapToRegistry name gulp
14 verbose mapToRegistry uri https://registry.npmjs.org/gulp
15 verbose request where is /gulp
16 verbose request registry https://registry.npmjs.org/
17 verbose request id 4de2ede782dc1641
18 verbose request url raw /gulp
19 verbose request url resolving [ 'https://registry.npmjs.org/', './gulp' ]
20 verbose request url resolved https://registry.npmjs.org/gulp
21 verbose request where is https://registry.npmjs.org/gulp
22 verbose request no basic auth needed
23 info trying registry request attempt 1 at 16:28:58
24 verbose etag "2589FWDBOKQ5NS0TEFOCZ9ZG2"
25 http GET https://registry.npmjs.org/gulp
26 http 200 https://registry.npmjs.org/gulp
27 silly registry.get cb [ 200,
27 silly registry.get   { date: 'Fri, 28 Nov 2014 09:29:00 GMT',
27 silly registry.get     server: 'CouchDB/1.5.0 (Erlang OTP/R16B03)',
27 silly registry.get     etag: '"21MDFEELLE1VENFLSWBNWYCAY"',
27 silly registry.get     'content-type': 'application/json',
27 silly registry.get     'cache-control': 'max-age=60',
27 silly registry.get     'content-length': '95962',
27 silly registry.get     'accept-ranges': 'bytes',
27 silly registry.get     via: '1.1 varnish',
27 silly registry.get     age: '0',
27 silly registry.get     'x-served-by': 'cache-sn87-SIN',
27 silly registry.get     'x-cache': 'HIT',
27 silly registry.get     'x-cache-hits': '1',
27 silly registry.get     'x-timer': 'S1417166940.165968,VS0,VE248',
27 silly registry.get     vary: 'Accept',
27 silly registry.get     'keep-alive': 'timeout=10, max=50',
27 silly registry.get     connection: 'Keep-Alive' } ]
28 silly addNameRange number 2 { name: 'gulp', range: '*', hasData: true }
29 silly addNameRange versions [ 'gulp',
29 silly addNameRange   [ '0.0.1',
29 silly addNameRange     '0.0.2',
29 silly addNameRange     '0.0.3',
29 silly addNameRange     '0.0.4',
29 silly addNameRange     '0.0.5',
29 silly addNameRange     '0.0.7',
29 silly addNameRange     '0.0.8',
29 silly addNameRange     '0.0.9',
29 silly addNameRange     '0.1.0',
29 silly addNameRange     '0.2.0',
29 silly addNameRange     '1.0.0',
29 silly addNameRange     '1.1.0',
29 silly addNameRange     '1.2.0',
29 silly addNameRange     '1.2.1',
29 silly addNameRange     '2.0.0',
29 silly addNameRange     '2.0.1',
29 silly addNameRange     '2.1.0',
29 silly addNameRange     '2.2.0',
29 silly addNameRange     '2.3.0',
29 silly addNameRange     '2.4.0',
29 silly addNameRange     '2.4.1',
29 silly addNameRange     '2.6.0',
29 silly addNameRange     '2.6.1',
29 silly addNameRange     '2.7.0',
29 silly addNameRange     '3.0.0',
29 silly addNameRange     '3.1.1',
29 silly addNameRange     '3.1.2',
29 silly addNameRange     '3.1.3',
29 silly addNameRange     '3.1.4',
29 silly addNameRange     '3.2.0',
29 silly addNameRange     '3.2.1',
29 silly addNameRange     '3.2.2',
29 silly addNameRange     '3.2.3',
29 silly addNameRange     '3.2.4',
29 silly addNameRange     '3.2.5',
29 silly addNameRange     '3.3.0',
29 silly addNameRange     '3.3.1',
29 silly addNameRange     '3.3.2',
29 silly addNameRange     '3.3.4',
29 silly addNameRange     '3.4.0',
29 silly addNameRange     '3.5.0',
29 silly addNameRange     '3.5.1',
29 silly addNameRange     '3.5.2',
29 silly addNameRange     '3.5.5',
29 silly addNameRange     '3.5.6',
29 silly addNameRange     '3.6.0',
29 silly addNameRange     '3.6.1',
29 silly addNameRange     '3.6.2',
29 silly addNameRange     '3.7.0',
29 silly addNameRange     '3.8.0',
29 silly addNameRange     '3.8.1',
29 silly addNameRange     '3.8.2',
29 silly addNameRange     '3.8.3',
29 silly addNameRange     '3.8.4',
29 silly addNameRange     '3.8.5',
29 silly addNameRange     '3.8.6',
29 silly addNameRange     '3.8.7',
29 silly addNameRange     '3.8.8',
29 silly addNameRange     '3.8.9',
29 silly addNameRange     '3.8.10' ] ]
30 verbose addNamed [ 'gulp', '3.8.10' ]
31 verbose addNamed [ '3.8.10', '3.8.10' ]
32 silly lockFile f843d0d7-gulp-3-8-10 gulp@3.8.10
33 verbose lock gulp@3.8.10 /Users/slowbirds/.npm/f843d0d7-gulp-3-8-10.lock
34 silly lockFile f843d0d7-gulp-3-8-10 gulp@3.8.10
35 silly lockFile f843d0d7-gulp-3-8-10 gulp@3.8.10
36 silly lockFile 51046861-gulp gulp@*
37 silly lockFile 51046861-gulp gulp@*
38 silly resolved [ { name: 'gulp',
38 silly resolved     description: 'The streaming build system',
38 silly resolved     version: '3.8.10',
38 silly resolved     homepage: 'http://gulpjs.com',
38 silly resolved     repository: { type: 'git', url: 'https://github.com/gulpjs/gulp' },
38 silly resolved     author:
38 silly resolved      { name: 'Fractal',
38 silly resolved        email: 'contact@wearefractal.com',
38 silly resolved        url: 'http://wearefractal.com/' },
38 silly resolved     tags: [ 'build', 'stream', 'system', 'make', 'tool', 'asset', 'pipeline' ],
38 silly resolved     files: [ 'index.js', 'lib', 'bin', 'completion' ],
38 silly resolved     bin: { gulp: './bin/gulp.js' },
38 silly resolved     man: [ 'gulp.1' ],
38 silly resolved     dependencies:
38 silly resolved      { archy: '^1.0.0',
38 silly resolved        chalk: '^0.5.0',
38 silly resolved        deprecated: '^0.0.1',
38 silly resolved        'gulp-util': '^3.0.0',
38 silly resolved        interpret: '^0.3.2',
38 silly resolved        liftoff: '^0.13.2',
38 silly resolved        minimist: '^1.1.0',
38 silly resolved        orchestrator: '^0.3.0',
38 silly resolved        'pretty-hrtime': '^0.2.0',
38 silly resolved        semver: '^4.1.0',
38 silly resolved        tildify: '^1.0.0',
38 silly resolved        v8flags: '^1.0.1',
38 silly resolved        'vinyl-fs': '^0.3.0' },
38 silly resolved     devDependencies:
38 silly resolved      { coveralls: '^2.7.0',
38 silly resolved        'graceful-fs': '^3.0.0',
38 silly resolved        istanbul: '^0.3.0',
38 silly resolved        jshint: '^2.5.0',
38 silly resolved        'jshint-stylish': '^1.0.0',
38 silly resolved        'marked-man': '^0.1.3',
38 silly resolved        mkdirp: '^0.5.0',
38 silly resolved        mocha: '^2.0.1',
38 silly resolved        'mocha-lcov-reporter': '^0.0.1',
38 silly resolved        q: '^1.0.0',
38 silly resolved        rimraf: '^2.2.5',
38 silly resolved        should: '^4.0.0' },
38 silly resolved     scripts:
38 silly resolved      { prepublish: 'marked-man --name gulp docs/CLI.md > gulp.1',
38 silly resolved        lint: 'jshint lib bin index.js --reporter node_modules/jshint-stylish/stylish.js --exclude node_modules',
38 silly resolved        test: 'npm run-script lint && mocha --reporter spec',
38 silly resolved        coveralls: 'istanbul cover _mocha --report lcovonly -- -R spec && cat ./coverage/lcov.info | coveralls && rm -rf ./coverage' },
38 silly resolved     engineStrict: true,
38 silly resolved     engines: { node: '>= 0.9' },
38 silly resolved     licenses: [ [Object] ],
38 silly resolved     gitHead: '0203bccdc7397991da68ea3e51fef7b2df75a46f',
38 silly resolved     bugs: { url: 'https://github.com/gulpjs/gulp/issues' },
38 silly resolved     _id: 'gulp@3.8.10',
38 silly resolved     _shasum: 'bfb8fc156be97820f02a7f8b3af61a86666f9e31',
38 silly resolved     _from: 'gulp@*',
38 silly resolved     _npmVersion: '2.1.6',
38 silly resolved     _nodeVersion: '0.10.33',
38 silly resolved     _npmUser: { name: 'fractal', email: 'contact@wearefractal.com' },
38 silly resolved     maintainers: [ [Object] ],
38 silly resolved     dist:
38 silly resolved      { shasum: 'bfb8fc156be97820f02a7f8b3af61a86666f9e31',
38 silly resolved        tarball: 'http://registry.npmjs.org/gulp/-/gulp-3.8.10.tgz' },
38 silly resolved     directories: {},
38 silly resolved     _resolved: 'https://registry.npmjs.org/gulp/-/gulp-3.8.10.tgz',
38 silly resolved     readme: 'ERROR: No README data found!' } ]
39 info install gulp@3.8.10 into /usr/local/lib
40 info installOne gulp@3.8.10
41 verbose lib/node_modules/gulp unbuild
42 info preuninstall gulp@3.8.7
43 info uninstall gulp@3.8.7
44 verbose true,/usr/local/lib/node_modules,/usr/local/lib/node_modules unbuild gulp@3.8.7
45 verbose /usr/local/bin,[object Object] binRoot
46 verbose gentlyRm verifying that /usr/local/lib/node_modules/gulp is managed by npm
47 verbose gentlyRm verifying that /usr/local/lib/node_modules/gulp is managed by npm
48 silly cacheAndTest /usr/local/lib/node_modules/gulp is inside /usr/local/lib/node_modules
49 silly gentlyRm /usr/local/lib/node_modules/gulp is managed by npm
50 silly gentlyRm /usr/local/bin/gulp is not under /usr/local/lib/node_modules/gulp
51 silly gentlyRm checking to see if /usr/local/bin/gulp is a link
52 silly cacheAndTest /usr/local/lib/node_modules/gulp is inside /usr/local/lib/node_modules
53 silly gentlyRm /usr/local/lib/node_modules/gulp is managed by npm
54 silly gentlyRm /usr/local/share/man/man1/gulp.1 is not under /usr/local/lib/node_modules/gulp
55 silly gentlyRm checking to see if /usr/local/share/man/man1/gulp.1 is a link
56 silly gentlyRm /usr/local/bin/gulp is a link
57 silly gentlyRm /usr/local/lib/node_modules/gulp/bin/gulp.js inside /usr/local/lib/node_modules/gulp
58 verbose gentlyRm vacuuming /usr/local/bin/gulp
59 silly gentlyRm removing /usr/local/bin/gulp
60 silly gentlyRm quitting because other entries in /usr/local/bin
61 info postuninstall gulp@3.8.7
62 verbose gentlyRm vacuuming /usr/local/lib/node_modules/gulp
63 silly gentlyRm purging /usr/local/lib/node_modules/gulp
64 verbose lib/node_modules/gulp unbuild
65 info preuninstall gulp@3.8.7
66 info uninstall gulp@3.8.7
67 verbose true,/usr/local/lib/node_modules,/usr/local/lib/node_modules unbuild gulp@3.8.7
68 verbose /usr/local/bin,[object Object] binRoot
69 verbose gentlyRm verifying that /usr/local/lib/node_modules/gulp is managed by npm
70 silly isManaged /usr/local/lib/node_modules/gulp is inside /usr/local/lib/node_modules
71 verbose gentlyRm verifying that /usr/local/lib/node_modules/gulp is managed by npm
72 silly isManaged /usr/local/lib/node_modules/gulp is inside /usr/local/lib/node_modules
73 silly gentlyRm /usr/local/lib/node_modules/gulp is managed by npm
74 silly gentlyRm /usr/local/bin/gulp is not under /usr/local/lib/node_modules/gulp
75 silly gentlyRm checking to see if /usr/local/bin/gulp is a link
76 silly gentlyRm /usr/local/lib/node_modules/gulp is managed by npm
77 silly gentlyRm /usr/local/share/man/man1/gulp.1 is not under /usr/local/lib/node_modules/gulp
78 silly gentlyRm checking to see if /usr/local/share/man/man1/gulp.1 is a link
79 info postuninstall gulp@3.8.7
80 verbose gentlyRm vacuuming /usr/local/lib/node_modules/gulp
81 silly gentlyRm purging /usr/local/lib/node_modules/gulp
82 error error rolling back Error: EACCES, unlink '/usr/local/lib/node_modules/gulp/README.md'
82 error error rolling back  gulp@3.8.10 { [Error: EACCES, unlink '/usr/local/lib/node_modules/gulp/README.md']
82 error error rolling back   errno: 3,
82 error error rolling back   code: 'EACCES',
82 error error rolling back   path: '/usr/local/lib/node_modules/gulp/README.md' }
83 error Error: EACCES, unlink '/usr/local/lib/node_modules/gulp/bin'
83 error  { [Error: EACCES, unlink '/usr/local/lib/node_modules/gulp/bin']
83 error   errno: 3,
83 error   code: 'EACCES',
83 error   path: '/usr/local/lib/node_modules/gulp/bin' }
84 error Please try running this command again as root/Administrator.
85 error System Darwin 14.0.0
86 error command "node" "/usr/local/bin/npm" "install" "-g" "gulp"
87 error cwd /Users/slowbirds/Documents/workspace/slowbirds.org2015
88 error node -v v0.10.30
89 error npm -v 2.0.0-alpha-5
90 error path /usr/local/lib/node_modules/gulp/bin
91 error code EACCES
92 error errno 3
93 error stack Error: EACCES, unlink '/usr/local/lib/node_modules/gulp/bin'
94 verbose exit [ 3, true ]
